{"C:\\Users\\backs\\Desktop\\SpotifyHelper\\server\\playlists\\utils.js": {"path":"C:\\Users\\backs\\Desktop\\SpotifyHelper\\server\\playlists\\utils.js","statementMap":{"0":{"start":{"line":1,"column":14},"end":{"line":1,"column":30}},"1":{"start":{"line":3,"column":0},"end":{"line":39,"column":2}},"2":{"start":{"line":4,"column":17},"end":{"line":4,"column":19}},"3":{"start":{"line":8,"column":19},"end":{"line":8,"column":51}},"4":{"start":{"line":9,"column":2},"end":{"line":9,"column":55}},"5":{"start":{"line":12,"column":2},"end":{"line":36,"column":3}},"6":{"start":{"line":13,"column":21},"end":{"line":13,"column":26}},"7":{"start":{"line":16,"column":4},"end":{"line":31,"column":5}},"8":{"start":{"line":17,"column":6},"end":{"line":17,"column":24}},"9":{"start":{"line":33,"column":4},"end":{"line":35,"column":5}},"10":{"start":{"line":34,"column":6},"end":{"line":34,"column":33}},"11":{"start":{"line":38,"column":2},"end":{"line":38,"column":16}},"12":{"start":{"line":41,"column":0},"end":{"line":60,"column":2}},"13":{"start":{"line":43,"column":19},"end":{"line":43,"column":28}},"14":{"start":{"line":45,"column":2},"end":{"line":57,"column":3}},"15":{"start":{"line":48,"column":4},"end":{"line":56,"column":5}},"16":{"start":{"line":50,"column":24},"end":{"line":50,"column":62}},"17":{"start":{"line":51,"column":6},"end":{"line":51,"column":41}},"18":{"start":{"line":55,"column":6},"end":{"line":55,"column":60}},"19":{"start":{"line":59,"column":2},"end":{"line":59,"column":18}},"20":{"start":{"line":62,"column":0},"end":{"line":89,"column":2}},"21":{"start":{"line":63,"column":15},"end":{"line":63,"column":17}},"22":{"start":{"line":65,"column":14},"end":{"line":65,"column":16}},"23":{"start":{"line":66,"column":15},"end":{"line":66,"column":16}},"24":{"start":{"line":68,"column":21},"end":{"line":68,"column":26}},"25":{"start":{"line":71,"column":2},"end":{"line":83,"column":3}},"26":{"start":{"line":72,"column":30},"end":{"line":77,"column":5}},"27":{"start":{"line":80,"column":4},"end":{"line":80,"column":38}},"28":{"start":{"line":81,"column":4},"end":{"line":81,"column":44}},"29":{"start":{"line":82,"column":4},"end":{"line":82,"column":28}},"30":{"start":{"line":88,"column":2},"end":{"line":88,"column":16}},"31":{"start":{"line":91,"column":0},"end":{"line":131,"column":2}},"32":{"start":{"line":92,"column":2},"end":{"line":101,"column":4}},"33":{"start":{"line":103,"column":26},"end":{"line":103,"column":60}},"34":{"start":{"line":107,"column":15},"end":{"line":107,"column":17}},"35":{"start":{"line":109,"column":2},"end":{"line":125,"column":3}},"36":{"start":{"line":110,"column":18},"end":{"line":110,"column":20}},"37":{"start":{"line":111,"column":4},"end":{"line":114,"column":5}},"38":{"start":{"line":112,"column":23},"end":{"line":112,"column":34}},"39":{"start":{"line":113,"column":6},"end":{"line":113,"column":31}},"40":{"start":{"line":116,"column":15},"end":{"line":119,"column":5}},"41":{"start":{"line":123,"column":4},"end":{"line":123,"column":22}},"42":{"start":{"line":130,"column":2},"end":{"line":130,"column":16}}},"fnMap":{"0":{"name":"(anonymous_0)","decl":{"start":{"line":3,"column":26},"end":{"line":3,"column":27}},"loc":{"start":{"line":3,"column":59},"end":{"line":39,"column":1}},"line":3},"1":{"name":"(anonymous_1)","decl":{"start":{"line":41,"column":30},"end":{"line":41,"column":31}},"loc":{"start":{"line":41,"column":47},"end":{"line":60,"column":1}},"line":41},"2":{"name":"(anonymous_2)","decl":{"start":{"line":62,"column":31},"end":{"line":62,"column":32}},"loc":{"start":{"line":62,"column":58},"end":{"line":89,"column":1}},"line":62},"3":{"name":"(anonymous_3)","decl":{"start":{"line":91,"column":23},"end":{"line":91,"column":24}},"loc":{"start":{"line":91,"column":65},"end":{"line":131,"column":1}},"line":91}},"branchMap":{"0":{"loc":{"start":{"line":16,"column":4},"end":{"line":31,"column":5}},"type":"if","locations":[{"start":{"line":16,"column":4},"end":{"line":31,"column":5}},{"start":{},"end":{}}],"line":16},"1":{"loc":{"start":{"line":33,"column":4},"end":{"line":35,"column":5}},"type":"if","locations":[{"start":{"line":33,"column":4},"end":{"line":35,"column":5}},{"start":{},"end":{}}],"line":33},"2":{"loc":{"start":{"line":48,"column":4},"end":{"line":56,"column":5}},"type":"if","locations":[{"start":{"line":48,"column":4},"end":{"line":56,"column":5}},{"start":{"line":54,"column":11},"end":{"line":56,"column":5}}],"line":48}},"s":{"0":1,"1":1,"2":0,"3":0,"4":0,"5":0,"6":0,"7":0,"8":0,"9":0,"10":0,"11":0,"12":1,"13":4,"14":4,"15":5,"16":1,"17":1,"18":4,"19":4,"20":1,"21":0,"22":0,"23":0,"24":0,"25":0,"26":0,"27":0,"28":0,"29":0,"30":0,"31":1,"32":0,"33":0,"34":0,"35":0,"36":0,"37":0,"38":0,"39":0,"40":0,"41":0,"42":0},"f":{"0":0,"1":4,"2":0,"3":0},"b":{"0":[0,0],"1":[0,0],"2":[1,4]},"_coverageSchema":"1a1c01bbd47fc00a2c39e90264f33305004495a9","hash":"f6d2b31f03c05ba8731618d60cc8819c17cd4b92"}
}
