TN:
SF:playlists\utils.js
FN:3,(anonymous_0)
FN:41,(anonymous_1)
FN:62,(anonymous_2)
FN:91,(anonymous_3)
FNF:4
FNH:1
FNDA:0,(anonymous_0)
FNDA:4,(anonymous_1)
FNDA:0,(anonymous_2)
FNDA:0,(anonymous_3)
DA:1,1
DA:3,1
DA:4,0
DA:8,0
DA:9,0
DA:12,0
DA:13,0
DA:16,0
DA:17,0
DA:33,0
DA:34,0
DA:38,0
DA:41,1
DA:43,4
DA:45,4
DA:48,5
DA:50,1
DA:51,1
DA:55,4
DA:59,4
DA:62,1
DA:63,0
DA:65,0
DA:66,0
DA:68,0
DA:71,0
DA:72,0
DA:80,0
DA:81,0
DA:82,0
DA:88,0
DA:91,1
DA:92,0
DA:103,0
DA:107,0
DA:109,0
DA:110,0
DA:111,0
DA:112,0
DA:113,0
DA:116,0
DA:123,0
DA:130,0
LF:43
LH:12
BRDA:16,0,0,0
BRDA:16,0,1,0
BRDA:33,1,0,0
BRDA:33,1,1,0
BRDA:48,2,0,1
BRDA:48,2,1,4
BRF:6
BRH:2
end_of_record
